<?xml version="1.0" encoding="UTF-8"?>
<testng-results ignored="0" total="3" passed="2" failed="1" skipped="0">
  <reporter-output>
  </reporter-output>
  <suite started-at="2022-06-09T21:59:12 IST" name="Default suite" finished-at="2022-06-09T21:59:45 IST" duration-ms="32967">
    <groups>
    </groups>
    <test started-at="2022-06-09T21:59:12 IST" name="Default test" finished-at="2022-06-09T21:59:45 IST" duration-ms="32967">
      <class name="Tests.HomeTest">
        <test-method is-config="true" signature="browserSetup()[pri:0, instance:Tests.HomeTest@1a942c18]" started-at="2022-06-09T21:59:04 IST" name="browserSetup" finished-at="2022-06-09T21:59:12 IST" duration-ms="7369" status="PASS">
          <reporter-output>
          </reporter-output>
        </test-method> <!-- browserSetup -->
        <test-method is-config="true" signature="setupExtentEnv()[pri:0, instance:Tests.HomeTest@1a942c18]" started-at="2022-06-09T21:59:12 IST" name="setupExtentEnv" finished-at="2022-06-09T21:59:12 IST" duration-ms="203" status="PASS">
          <reporter-output>
          </reporter-output>
        </test-method> <!-- setupExtentEnv -->
        <test-method is-config="true" signature="register(java.lang.reflect.Method)[pri:0, instance:Tests.HomeTest@1a942c18]" started-at="2022-06-09T21:59:12 IST" name="register" finished-at="2022-06-09T21:59:12 IST" duration-ms="8" status="PASS">
          <params>
            <param index="0">
              <value>
                <![CDATA[void Tests.HomeTest.verifyNewArrivalHeaderDisplay()]]>
              </value>
            </param>
          </params>
          <reporter-output>
          </reporter-output>
        </test-method> <!-- register -->
        <test-method is-config="true" signature="setup()[pri:0, instance:Tests.HomeTest@1a942c18]" started-at="2022-06-09T21:59:12 IST" name="setup" finished-at="2022-06-09T21:59:40 IST" duration-ms="28090" status="PASS">
          <reporter-output>
          </reporter-output>
        </test-method> <!-- setup -->
        <test-method signature="verifyNewArrivalHeaderDisplay()[pri:0, instance:Tests.HomeTest@1a942c18]" started-at="2022-06-09T21:59:40 IST" name="verifyNewArrivalHeaderDisplay" finished-at="2022-06-09T21:59:40 IST" duration-ms="160" status="PASS">
          <reporter-output>
          </reporter-output>
        </test-method> <!-- verifyNewArrivalHeaderDisplay -->
        <test-method is-config="true" signature="tearDown(org.testng.ITestResult)[pri:0, instance:Tests.HomeTest@1a942c18]" started-at="2022-06-09T21:59:40 IST" name="tearDown" finished-at="2022-06-09T21:59:40 IST" duration-ms="21" status="PASS">
          <params>
            <param index="0">
              <value>
                <![CDATA[[TestResult name=verifyNewArrivalHeaderDisplay status=SUCCESS method=HomeTest.verifyNewArrivalHeaderDisplay()[pri:0, instance:Tests.HomeTest@1a942c18] output={null}]]]>
              </value>
            </param>
          </params>
          <reporter-output>
          </reporter-output>
        </test-method> <!-- tearDown -->
        <test-method is-config="true" signature="register(java.lang.reflect.Method)[pri:0, instance:Tests.HomeTest@1a942c18]" started-at="2022-06-09T21:59:40 IST" name="register" finished-at="2022-06-09T21:59:40 IST" duration-ms="3" status="PASS">
          <params>
            <param index="0">
              <value>
                <![CDATA[void Tests.HomeTest.verifyPageTitle()]]>
              </value>
            </param>
          </params>
          <reporter-output>
          </reporter-output>
        </test-method> <!-- register -->
        <test-method is-config="true" signature="setup()[pri:0, instance:Tests.HomeTest@1a942c18]" started-at="2022-06-09T21:59:40 IST" name="setup" finished-at="2022-06-09T21:59:42 IST" duration-ms="1830" status="PASS">
          <reporter-output>
          </reporter-output>
        </test-method> <!-- setup -->
        <test-method signature="verifyPageTitle()[pri:0, instance:Tests.HomeTest@1a942c18]" started-at="2022-06-09T21:59:42 IST" name="verifyPageTitle" finished-at="2022-06-09T21:59:42 IST" duration-ms="13" status="PASS">
          <reporter-output>
          </reporter-output>
        </test-method> <!-- verifyPageTitle -->
        <test-method is-config="true" signature="tearDown(org.testng.ITestResult)[pri:0, instance:Tests.HomeTest@1a942c18]" started-at="2022-06-09T21:59:42 IST" name="tearDown" finished-at="2022-06-09T21:59:42 IST" duration-ms="1" status="PASS">
          <params>
            <param index="0">
              <value>
                <![CDATA[[TestResult name=verifyPageTitle status=SUCCESS method=HomeTest.verifyPageTitle()[pri:0, instance:Tests.HomeTest@1a942c18] output={null}]]]>
              </value>
            </param>
          </params>
          <reporter-output>
          </reporter-output>
        </test-method> <!-- tearDown -->
        <test-method is-config="true" signature="register(java.lang.reflect.Method)[pri:0, instance:Tests.HomeTest@1a942c18]" started-at="2022-06-09T21:59:42 IST" name="register" finished-at="2022-06-09T21:59:42 IST" duration-ms="0" status="PASS">
          <params>
            <param index="0">
              <value>
                <![CDATA[void Tests.HomeTest.verifyscrshot()]]>
              </value>
            </param>
          </params>
          <reporter-output>
          </reporter-output>
        </test-method> <!-- register -->
        <test-method is-config="true" signature="setup()[pri:0, instance:Tests.HomeTest@1a942c18]" started-at="2022-06-09T21:59:42 IST" name="setup" finished-at="2022-06-09T21:59:43 IST" duration-ms="1567" status="PASS">
          <reporter-output>
          </reporter-output>
        </test-method> <!-- setup -->
        <test-method signature="verifyscrshot()[pri:0, instance:Tests.HomeTest@1a942c18]" started-at="2022-06-09T21:59:43 IST" name="verifyscrshot" finished-at="2022-06-09T21:59:44 IST" duration-ms="4" status="FAIL">
          <exception class="java.lang.AssertionError">
            <message>
              <![CDATA[expected [true] but found [false]]]>
            </message>
            <full-stacktrace>
              <![CDATA[java.lang.AssertionError: expected [true] but found [false]
at org.testng.Assert.fail(Assert.java:97)
at org.testng.Assert.failNotEquals(Assert.java:969)
at org.testng.Assert.assertTrue(Assert.java:43)
at org.testng.Assert.assertTrue(Assert.java:53)
at Tests.HomeTest.verifyscrshot(HomeTest.java:45)
at java.base/jdk.internal.reflect.NativeMethodAccessorImpl.invoke0(Native Method)
at java.base/jdk.internal.reflect.NativeMethodAccessorImpl.invoke(NativeMethodAccessorImpl.java:77)
at java.base/jdk.internal.reflect.DelegatingMethodAccessorImpl.invoke(DelegatingMethodAccessorImpl.java:43)
at java.base/java.lang.reflect.Method.invoke(Method.java:568)
at org.testng.internal.MethodInvocationHelper.invokeMethod(MethodInvocationHelper.java:134)
at org.testng.internal.TestInvoker.invokeMethod(TestInvoker.java:597)
at org.testng.internal.TestInvoker.invokeTestMethod(TestInvoker.java:173)
at org.testng.internal.MethodRunner.runInSequence(MethodRunner.java:46)
at org.testng.internal.TestInvoker$MethodInvocationAgent.invoke(TestInvoker.java:816)
at org.testng.internal.TestInvoker.invokeTestMethods(TestInvoker.java:146)
at org.testng.internal.TestMethodWorker.invokeTestMethods(TestMethodWorker.java:146)
at org.testng.internal.TestMethodWorker.run(TestMethodWorker.java:128)
at java.base/java.util.ArrayList.forEach(ArrayList.java:1511)
at org.testng.TestRunner.privateRun(TestRunner.java:766)
at org.testng.TestRunner.run(TestRunner.java:587)
at org.testng.SuiteRunner.runTest(SuiteRunner.java:384)
at org.testng.SuiteRunner.runSequentially(SuiteRunner.java:378)
at org.testng.SuiteRunner.privateRun(SuiteRunner.java:337)
at org.testng.SuiteRunner.run(SuiteRunner.java:286)
at org.testng.SuiteRunnerWorker.runSuite(SuiteRunnerWorker.java:53)
at org.testng.SuiteRunnerWorker.run(SuiteRunnerWorker.java:96)
at org.testng.TestNG.runSuitesSequentially(TestNG.java:1187)
at org.testng.TestNG.runSuitesLocally(TestNG.java:1109)
at org.testng.TestNG.runSuites(TestNG.java:1039)
at org.testng.TestNG.run(TestNG.java:1007)
at org.testng.remote.AbstractRemoteTestNG.run(AbstractRemoteTestNG.java:115)
at org.testng.remote.RemoteTestNG.initAndRun(RemoteTestNG.java:251)
at org.testng.remote.RemoteTestNG.main(RemoteTestNG.java:77)
]]>
            </full-stacktrace>
          </exception> <!-- java.lang.AssertionError -->
          <reporter-output>
          </reporter-output>
        </test-method> <!-- verifyscrshot -->
        <test-method is-config="true" signature="tearDown(org.testng.ITestResult)[pri:0, instance:Tests.HomeTest@1a942c18]" started-at="2022-06-09T21:59:44 IST" name="tearDown" finished-at="2022-06-09T21:59:44 IST" duration-ms="488" status="PASS">
          <params>
            <param index="0">
              <value>
                <![CDATA[[TestResult name=verifyscrshot status=FAILURE method=HomeTest.verifyscrshot()[pri:0, instance:Tests.HomeTest@1a942c18] output={null}]]]>
              </value>
            </param>
          </params>
          <reporter-output>
          </reporter-output>
        </test-method> <!-- tearDown -->
        <test-method is-config="true" signature="cleanup()[pri:0, instance:Tests.HomeTest@1a942c18]" started-at="2022-06-09T21:59:44 IST" name="cleanup" finished-at="2022-06-09T21:59:45 IST" duration-ms="515" status="PASS">
          <reporter-output>
          </reporter-output>
        </test-method> <!-- cleanup -->
        <test-method is-config="true" signature="browserClose()[pri:0, instance:Tests.HomeTest@1a942c18]" started-at="2022-06-09T21:59:45 IST" name="browserClose" finished-at="2022-06-09T21:59:46 IST" duration-ms="1698" status="PASS">
          <reporter-output>
          </reporter-output>
        </test-method> <!-- browserClose -->
      </class> <!-- Tests.HomeTest -->
    </test> <!-- Default test -->
  </suite> <!-- Default suite -->
</testng-results>
